abr. 07, 2025 7:11:47 AM liquibase.changelog
INFO: Reading resource: db/changelog/migrations/db.changelog-202504061359.sql
abr. 07, 2025 7:11:47 AM liquibase.changelog
INFO: Reading resource: db/changelog/migrations/db.changelog-202504070623.sql
abr. 07, 2025 7:11:47 AM liquibase.changelog
INFO: Reading resource: db/changelog/migrations/db.changelog-202504070759.sql
abr. 07, 2025 7:11:47 AM liquibase.changelog
INFO: Reading resource: db/changelog/migrations/db.changelog-202504070859.sql
abr. 07, 2025 7:11:47 AM liquibase.changelog
INFO: Reading resource: db/changelog/migrations/db.changelog-202504070959.sql
abr. 07, 2025 7:11:47 AM liquibase.changelog
INFO: Creating database history table with name: board.databasechangelog
abr. 07, 2025 7:11:47 AM liquibase.changelog
INFO: Reading from board.databasechangelog
abr. 07, 2025 7:11:47 AM liquibase.lockservice
INFO: Successfully acquired change log lock
abr. 07, 2025 7:11:47 AM liquibase.command
INFO: Using deploymentId: 4020707896
abr. 07, 2025 7:11:47 AM liquibase.changelog
INFO: Reading from board.databasechangelog
Running Changeset: db/changelog/migrations/db.changelog-202504061359.sql::202504061359::silas
abr. 07, 2025 7:11:47 AM liquibase.changelog
INFO: Custom SQL executed
abr. 07, 2025 7:11:47 AM liquibase.changelog
INFO: ChangeSet db/changelog/migrations/db.changelog-202504061359.sql::202504061359::silas ran successfully in 39ms
Running Changeset: db/changelog/migrations/db.changelog-202504070623.sql::202504070623::silas
abr. 07, 2025 7:11:48 AM liquibase.changelog
INFO: Custom SQL executed
abr. 07, 2025 7:11:48 AM liquibase.changelog
INFO: ChangeSet db/changelog/migrations/db.changelog-202504070623.sql::202504070623::silas ran successfully in 42ms
Running Changeset: db/changelog/migrations/db.changelog-202504070759.sql::202504070759::silas
abr. 07, 2025 7:11:48 AM liquibase.changelog
INFO: Custom SQL executed
abr. 07, 2025 7:11:48 AM liquibase.changelog
INFO: ChangeSet db/changelog/migrations/db.changelog-202504070759.sql::202504070759::silas ran successfully in 47ms
Running Changeset: db/changelog/migrations/db.changelog-202504070859.sql::202504070859::silas
abr. 07, 2025 7:11:48 AM liquibase.changelog
INFO: Custom SQL executed
abr. 07, 2025 7:11:48 AM liquibase.changelog
INFO: ChangeSet db/changelog/migrations/db.changelog-202504070859.sql::202504070859::silas ran successfully in 47ms
Running Changeset: db/changelog/migrations/db.changelog-202504070959.sql::202504070959::silas
abr. 07, 2025 7:11:48 AM liquibase.changelog
INFO: Custom SQL executed
abr. 07, 2025 7:11:48 AM liquibase.changelog
INFO: ChangeSet db/changelog/migrations/db.changelog-202504070959.sql::202504070959::silas ran successfully in 67ms

UPDATE SUMMARY
Run:                          5
Previously run:               0
Filtered out:                 0
-------------------------------
Total change sets:            5

abr. 07, 2025 7:11:48 AM liquibase.util
INFO: UPDATE SUMMARY
abr. 07, 2025 7:11:48 AM liquibase.util
INFO: Run:                          5
abr. 07, 2025 7:11:48 AM liquibase.util
INFO: Previously run:               0
abr. 07, 2025 7:11:48 AM liquibase.util
INFO: Filtered out:                 0
abr. 07, 2025 7:11:48 AM liquibase.util
INFO: -------------------------------
abr. 07, 2025 7:11:48 AM liquibase.util
INFO: Total change sets:            5
abr. 07, 2025 7:11:48 AM liquibase.util
INFO: Update summary generated
abr. 07, 2025 7:11:48 AM liquibase.command
INFO: Update command completed successfully.
Liquibase: Update has been successful. Rows affected: 5
abr. 07, 2025 7:11:48 AM liquibase.lockservice
INFO: Successfully released change log lock
abr. 07, 2025 7:11:48 AM liquibase.command
INFO: Command execution complete
